c:\users\enriq\documents\unam\7mo semestre\compu grafica\proyectos teo\final\codigo\pf-320152841\pf-320152841\x64\debug\vc143.pdb
c:\users\enriq\documents\unam\7mo semestre\compu grafica\proyectos teo\final\codigo\pf-320152841\pf-320152841\x64\debug\vc143.idb
c:\users\enriq\documents\unam\7mo semestre\compu grafica\proyectos teo\final\codigo\pf-320152841\pf-320152841\x64\debug\window.obj
c:\users\enriq\documents\unam\7mo semestre\compu grafica\proyectos teo\final\codigo\pf-320152841\pf-320152841\x64\debug\texture.obj
c:\users\enriq\documents\unam\7mo semestre\compu grafica\proyectos teo\final\codigo\pf-320152841\pf-320152841\x64\debug\spotlight.obj
c:\users\enriq\documents\unam\7mo semestre\compu grafica\proyectos teo\final\codigo\pf-320152841\pf-320152841\x64\debug\sphere.obj
c:\users\enriq\documents\unam\7mo semestre\compu grafica\proyectos teo\final\codigo\pf-320152841\pf-320152841\x64\debug\skybox.obj
c:\users\enriq\documents\unam\7mo semestre\compu grafica\proyectos teo\final\codigo\pf-320152841\pf-320152841\x64\debug\shader_light.obj
c:\users\enriq\documents\unam\7mo semestre\compu grafica\proyectos teo\final\codigo\pf-320152841\pf-320152841\x64\debug\pointlight.obj
c:\users\enriq\documents\unam\7mo semestre\compu grafica\proyectos teo\final\codigo\pf-320152841\pf-320152841\x64\debug\pfinal.obj
c:\users\enriq\documents\unam\7mo semestre\compu grafica\proyectos teo\final\codigo\pf-320152841\pf-320152841\x64\debug\model.obj
c:\users\enriq\documents\unam\7mo semestre\compu grafica\proyectos teo\final\codigo\pf-320152841\pf-320152841\x64\debug\mesh_tn.obj
c:\users\enriq\documents\unam\7mo semestre\compu grafica\proyectos teo\final\codigo\pf-320152841\pf-320152841\x64\debug\material.obj
c:\users\enriq\documents\unam\7mo semestre\compu grafica\proyectos teo\final\codigo\pf-320152841\pf-320152841\x64\debug\light.obj
c:\users\enriq\documents\unam\7mo semestre\compu grafica\proyectos teo\final\codigo\pf-320152841\pf-320152841\x64\debug\directionallight.obj
c:\users\enriq\documents\unam\7mo semestre\compu grafica\proyectos teo\final\codigo\pf-320152841\pf-320152841\x64\debug\camera.obj
c:\users\enriq\documents\unam\7mo semestre\compu grafica\proyectos teo\final\codigo\pf-320152841\x64\debug\pf-320152841.exe
c:\users\enriq\documents\unam\7mo semestre\compu grafica\proyectos teo\final\codigo\pf-320152841\x64\debug\pf-320152841.pdb
c:\users\enriq\documents\unam\7mo semestre\compu grafica\proyectos teo\final\codigo\pf-320152841\pf-320152841\x64\debug\pf-320152841.ilk
c:\users\enriq\documents\unam\7mo semestre\compu grafica\proyectos teo\final\codigo\pf-320152841\pf-320152841\x64\debug\e08-320152841.obj
c:\users\enriq\documents\unam\7mo semestre\compu grafica\proyectos teo\final\codigo\pf-320152841\pf-320152841\x64\debug\e09-320152841.obj
c:\users\enriq\documents\unam\7mo semestre\compu grafica\proyectos teo\final\codigo\pf-320152841\pf-320152841\x64\debug\p07-320152841.obj
c:\users\enriq\documents\unam\7mo semestre\compu grafica\proyectos teo\final\codigo\pf-320152841\pf-320152841\x64\debug\p09-320152841.obj
c:\users\enriq\documents\unam\7mo semestre\compu grafica\proyectos teo\final\codigo\pf-320152841\pf-320152841\x64\debug\practica7.obj
c:\users\enriq\documents\unam\7mo semestre\compu grafica\proyectos teo\final\codigo\pf-320152841\pf-320152841\x64\debug\practica9full _g3.obj
c:\users\enriq\documents\unam\7mo semestre\compu grafica\proyectos teo\final\codigo\pf-320152841\pf-320152841\x64\debug\practica9full.obj
c:\users\enriq\documents\unam\7mo semestre\compu grafica\proyectos teo\final\codigo\pf-320152841\pf-320152841\x64\debug\cgeihc_pf.ilk
c:\users\enriq\documents\unam\7mo semestre\compu grafica\proyectos teo\final\codigo\pf-320152841\pf-320152841\x64\debug\practica7x64.ilk
c:\users\enriq\documents\unam\7mo semestre\compu grafica\proyectos teo\final\codigo\pf-320152841\pf-320152841\x64\debug\practica9x64.ilk
c:\users\enriq\documents\unam\7mo semestre\compu grafica\proyectos teo\final\codigo\pf-320152841\pf-320152841\x64\debug\pf-320152841.tlog\cl.command.1.tlog
c:\users\enriq\documents\unam\7mo semestre\compu grafica\proyectos teo\final\codigo\pf-320152841\pf-320152841\x64\debug\pf-320152841.tlog\cl.items.tlog
c:\users\enriq\documents\unam\7mo semestre\compu grafica\proyectos teo\final\codigo\pf-320152841\pf-320152841\x64\debug\pf-320152841.tlog\cl.read.1.tlog
c:\users\enriq\documents\unam\7mo semestre\compu grafica\proyectos teo\final\codigo\pf-320152841\pf-320152841\x64\debug\pf-320152841.tlog\cl.write.1.tlog
c:\users\enriq\documents\unam\7mo semestre\compu grafica\proyectos teo\final\codigo\pf-320152841\pf-320152841\x64\debug\pf-320152841.tlog\link.command.1.tlog
c:\users\enriq\documents\unam\7mo semestre\compu grafica\proyectos teo\final\codigo\pf-320152841\pf-320152841\x64\debug\pf-320152841.tlog\link.read.1.tlog
c:\users\enriq\documents\unam\7mo semestre\compu grafica\proyectos teo\final\codigo\pf-320152841\pf-320152841\x64\debug\pf-320152841.tlog\link.secondary.1.tlog
c:\users\enriq\documents\unam\7mo semestre\compu grafica\proyectos teo\final\codigo\pf-320152841\pf-320152841\x64\debug\pf-320152841.tlog\link.write.1.tlog
