c:\users\cgih3\documents\proyectos\practica2\practica7x64\x64\debug\vc143.pdb
c:\users\cgih3\documents\proyectos\practica2\practica7x64\x64\debug\vc143.idb
c:\users\cgih3\documents\proyectos\practica2\practica7x64\x64\debug\window.obj
c:\users\cgih3\documents\proyectos\practica2\practica7x64\x64\debug\texture.obj
c:\users\cgih3\documents\proyectos\practica2\practica7x64\x64\debug\spotlight.obj
c:\users\cgih3\documents\proyectos\practica2\practica7x64\x64\debug\sphere.obj
c:\users\cgih3\documents\proyectos\practica2\practica7x64\x64\debug\skybox.obj
c:\users\cgih3\documents\proyectos\practica2\practica7x64\x64\debug\shader_light.obj
c:\users\cgih3\documents\proyectos\practica2\practica7x64\x64\debug\practica7.obj
c:\users\cgih3\documents\proyectos\practica2\practica7x64\x64\debug\pointlight.obj
c:\users\cgih3\documents\proyectos\practica2\practica7x64\x64\debug\model.obj
c:\users\cgih3\documents\proyectos\practica2\practica7x64\x64\debug\mesh_tn.obj
c:\users\cgih3\documents\proyectos\practica2\practica7x64\x64\debug\material.obj
c:\users\cgih3\documents\proyectos\practica2\practica7x64\x64\debug\light.obj
c:\users\cgih3\documents\proyectos\practica2\practica7x64\x64\debug\directionallight.obj
c:\users\cgih3\documents\proyectos\practica2\practica7x64\x64\debug\camera.obj
c:\users\cgih3\documents\proyectos\practica2\x64\debug\practica7x64.pdb
c:\users\cgih3\documents\proyectos\practica2\practica7x64\x64\debug\practica7x64.tlog\cl.command.1.tlog
c:\users\cgih3\documents\proyectos\practica2\practica7x64\x64\debug\practica7x64.tlog\cl.read.1.tlog
c:\users\cgih3\documents\proyectos\practica2\practica7x64\x64\debug\practica7x64.tlog\cl.write.1.tlog
c:\users\cgih3\documents\proyectos\practica2\practica7x64\x64\debug\practica7x64.tlog\link-cvtres.read.1.tlog
c:\users\cgih3\documents\proyectos\practica2\practica7x64\x64\debug\practica7x64.tlog\link-cvtres.write.1.tlog
c:\users\cgih3\documents\proyectos\practica2\practica7x64\x64\debug\practica7x64.tlog\link-rc.read.1.tlog
c:\users\cgih3\documents\proyectos\practica2\practica7x64\x64\debug\practica7x64.tlog\link-rc.write.1.tlog
c:\users\cgih3\documents\proyectos\practica2\practica7x64\x64\debug\practica7x64.tlog\link.command.1.tlog
c:\users\cgih3\documents\proyectos\practica2\practica7x64\x64\debug\practica7x64.tlog\link.read.1.tlog
c:\users\cgih3\documents\proyectos\practica2\practica7x64\x64\debug\practica7x64.tlog\link.read.2.tlog
c:\users\cgih3\documents\proyectos\practica2\practica7x64\x64\debug\practica7x64.tlog\link.write.1.tlog
