c:\users\enriq\documents\unam\7mo semestre\compu grafica\proyectos\labcgeihc\practica7x64\x64\release\vc143.pdb
c:\users\enriq\documents\unam\7mo semestre\compu grafica\proyectos\labcgeihc\practica7x64\x64\release\window.obj
c:\users\enriq\documents\unam\7mo semestre\compu grafica\proyectos\labcgeihc\practica7x64\x64\release\texture.obj
c:\users\enriq\documents\unam\7mo semestre\compu grafica\proyectos\labcgeihc\practica7x64\x64\release\spotlight.obj
c:\users\enriq\documents\unam\7mo semestre\compu grafica\proyectos\labcgeihc\practica7x64\x64\release\sphere.obj
c:\users\enriq\documents\unam\7mo semestre\compu grafica\proyectos\labcgeihc\practica7x64\x64\release\skybox.obj
c:\users\enriq\documents\unam\7mo semestre\compu grafica\proyectos\labcgeihc\practica7x64\x64\release\shader_light.obj
c:\users\enriq\documents\unam\7mo semestre\compu grafica\proyectos\labcgeihc\practica7x64\x64\release\pointlight.obj
c:\users\enriq\documents\unam\7mo semestre\compu grafica\proyectos\labcgeihc\practica7x64\x64\release\model.obj
c:\users\enriq\documents\unam\7mo semestre\compu grafica\proyectos\labcgeihc\practica7x64\x64\release\mesh_tn.obj
c:\users\enriq\documents\unam\7mo semestre\compu grafica\proyectos\labcgeihc\practica7x64\x64\release\material.obj
c:\users\enriq\documents\unam\7mo semestre\compu grafica\proyectos\labcgeihc\practica7x64\x64\release\light.obj
c:\users\enriq\documents\unam\7mo semestre\compu grafica\proyectos\labcgeihc\practica7x64\x64\release\directionallight.obj
c:\users\enriq\documents\unam\7mo semestre\compu grafica\proyectos\labcgeihc\practica7x64\x64\release\camera.obj
c:\users\enriq\documents\unam\7mo semestre\compu grafica\proyectos\labcgeihc\practica7x64\x64\release\p07-320152841.obj
c:\users\enriq\documents\unam\7mo semestre\compu grafica\proyectos\labcgeihc\x64\release\practica7x64.exe
c:\users\enriq\documents\unam\7mo semestre\compu grafica\proyectos\labcgeihc\x64\release\practica7x64.pdb
c:\users\enriq\documents\unam\7mo semestre\compu grafica\proyectos\labcgeihc\practica7x64\x64\release\practica7x64.ipdb
c:\users\enriq\documents\unam\7mo semestre\compu grafica\proyectos\labcgeihc\practica7x64\x64\release\practica7x64.iobj
c:\users\enriq\documents\unam\7mo semestre\compu grafica\proyectos\labcgeihc\practica7x64\x64\release\e07-320152841.obj
c:\users\enriq\documents\unam\7mo semestre\compu grafica\proyectos\labcgeihc\practica7x64\x64\release\practica7.obj
c:\users\enriq\documents\unam\7mo semestre\compu grafica\proyectos\labcgeihc\practica7x64\x64\release\practica7x64.tlog\cl.command.1.tlog
c:\users\enriq\documents\unam\7mo semestre\compu grafica\proyectos\labcgeihc\practica7x64\x64\release\practica7x64.tlog\cl.items.tlog
c:\users\enriq\documents\unam\7mo semestre\compu grafica\proyectos\labcgeihc\practica7x64\x64\release\practica7x64.tlog\cl.read.1.tlog
c:\users\enriq\documents\unam\7mo semestre\compu grafica\proyectos\labcgeihc\practica7x64\x64\release\practica7x64.tlog\cl.write.1.tlog
c:\users\enriq\documents\unam\7mo semestre\compu grafica\proyectos\labcgeihc\practica7x64\x64\release\practica7x64.tlog\link.command.1.tlog
c:\users\enriq\documents\unam\7mo semestre\compu grafica\proyectos\labcgeihc\practica7x64\x64\release\practica7x64.tlog\link.read.1.tlog
c:\users\enriq\documents\unam\7mo semestre\compu grafica\proyectos\labcgeihc\practica7x64\x64\release\practica7x64.tlog\link.secondary.1.tlog
c:\users\enriq\documents\unam\7mo semestre\compu grafica\proyectos\labcgeihc\practica7x64\x64\release\practica7x64.tlog\link.write.1.tlog
