  P08-320152841.cpp
C:\Users\enriq\Documents\UNAM\7mo semestre\Compu grafica\Proyectos\LabCGeiHC\Practica7x64\Window.h(12,36): warning C4244: 'return': conversión de 'GLint' a 'GLfloat'; posible pérdida de datos
  (compilando archivo de origen "P08-320152841.cpp")
  
C:\Users\enriq\Documents\UNAM\7mo semestre\Compu grafica\Proyectos\LabCGeiHC\Practica7x64\Window.h(13,37): warning C4244: 'return': conversión de 'GLint' a 'GLfloat'; posible pérdida de datos
  (compilando archivo de origen "P08-320152841.cpp")
  
C:\Users\enriq\Documents\UNAM\7mo semestre\Compu grafica\Proyectos\LabCGeiHC\Practica7x64\P08-320152841.cpp(133,24): warning C4267: 'inicializando': conversión de 'size_t' a 'unsigned int'; posible pérdida de datos
C:\Users\enriq\Documents\UNAM\7mo semestre\Compu grafica\Proyectos\LabCGeiHC\Practica7x64\P08-320152841.cpp(478,15): warning C4244: 'inicializando': conversión de 'double' a 'GLfloat'; posible pérdida de datos
C:\Users\enriq\Documents\UNAM\7mo semestre\Compu grafica\Proyectos\LabCGeiHC\Practica7x64\P08-320152841.cpp(480,33): warning C4244: '+=': conversión de 'double' a 'GLfloat'; posible pérdida de datos
  Shader_light.cpp
C:\Users\enriq\Documents\UNAM\7mo semestre\Compu grafica\Proyectos\LabCGeiHC\Practica7x64\Shader_light.cpp(101,38): warning C4477: 'snprintf' : la cadena de formato '%d' requiere un argumento de tipo 'int', pero el argumento variádico 1 tiene el tipo 'size_t'
      C:\Users\enriq\Documents\UNAM\7mo semestre\Compu grafica\Proyectos\LabCGeiHC\Practica7x64\Shader_light.cpp(101,38):
      considere el uso de ' %zd' en la cadena de formato
  
C:\Users\enriq\Documents\UNAM\7mo semestre\Compu grafica\Proyectos\LabCGeiHC\Practica7x64\Shader_light.cpp(104,38): warning C4477: 'snprintf' : la cadena de formato '%d' requiere un argumento de tipo 'int', pero el argumento variádico 1 tiene el tipo 'size_t'
      C:\Users\enriq\Documents\UNAM\7mo semestre\Compu grafica\Proyectos\LabCGeiHC\Practica7x64\Shader_light.cpp(104,38):
      considere el uso de ' %zd' en la cadena de formato
  
C:\Users\enriq\Documents\UNAM\7mo semestre\Compu grafica\Proyectos\LabCGeiHC\Practica7x64\Shader_light.cpp(107,38): warning C4477: 'snprintf' : la cadena de formato '%d' requiere un argumento de tipo 'int', pero el argumento variádico 1 tiene el tipo 'size_t'
      C:\Users\enriq\Documents\UNAM\7mo semestre\Compu grafica\Proyectos\LabCGeiHC\Practica7x64\Shader_light.cpp(107,38):
      considere el uso de ' %zd' en la cadena de formato
  
C:\Users\enriq\Documents\UNAM\7mo semestre\Compu grafica\Proyectos\LabCGeiHC\Practica7x64\Shader_light.cpp(110,38): warning C4477: 'snprintf' : la cadena de formato '%d' requiere un argumento de tipo 'int', pero el argumento variádico 1 tiene el tipo 'size_t'
      C:\Users\enriq\Documents\UNAM\7mo semestre\Compu grafica\Proyectos\LabCGeiHC\Practica7x64\Shader_light.cpp(110,38):
      considere el uso de ' %zd' en la cadena de formato
  
C:\Users\enriq\Documents\UNAM\7mo semestre\Compu grafica\Proyectos\LabCGeiHC\Practica7x64\Shader_light.cpp(113,38): warning C4477: 'snprintf' : la cadena de formato '%d' requiere un argumento de tipo 'int', pero el argumento variádico 1 tiene el tipo 'size_t'
      C:\Users\enriq\Documents\UNAM\7mo semestre\Compu grafica\Proyectos\LabCGeiHC\Practica7x64\Shader_light.cpp(113,38):
      considere el uso de ' %zd' en la cadena de formato
  
C:\Users\enriq\Documents\UNAM\7mo semestre\Compu grafica\Proyectos\LabCGeiHC\Practica7x64\Shader_light.cpp(116,38): warning C4477: 'snprintf' : la cadena de formato '%d' requiere un argumento de tipo 'int', pero el argumento variádico 1 tiene el tipo 'size_t'
      C:\Users\enriq\Documents\UNAM\7mo semestre\Compu grafica\Proyectos\LabCGeiHC\Practica7x64\Shader_light.cpp(116,38):
      considere el uso de ' %zd' en la cadena de formato
  
C:\Users\enriq\Documents\UNAM\7mo semestre\Compu grafica\Proyectos\LabCGeiHC\Practica7x64\Shader_light.cpp(119,38): warning C4477: 'snprintf' : la cadena de formato '%d' requiere un argumento de tipo 'int', pero el argumento variádico 1 tiene el tipo 'size_t'
      C:\Users\enriq\Documents\UNAM\7mo semestre\Compu grafica\Proyectos\LabCGeiHC\Practica7x64\Shader_light.cpp(119,38):
      considere el uso de ' %zd' en la cadena de formato
  
C:\Users\enriq\Documents\UNAM\7mo semestre\Compu grafica\Proyectos\LabCGeiHC\Practica7x64\Shader_light.cpp(129,38): warning C4477: 'snprintf' : la cadena de formato '%d' requiere un argumento de tipo 'int', pero el argumento variádico 1 tiene el tipo 'size_t'
      C:\Users\enriq\Documents\UNAM\7mo semestre\Compu grafica\Proyectos\LabCGeiHC\Practica7x64\Shader_light.cpp(129,38):
      considere el uso de ' %zd' en la cadena de formato
  
C:\Users\enriq\Documents\UNAM\7mo semestre\Compu grafica\Proyectos\LabCGeiHC\Practica7x64\Shader_light.cpp(132,38): warning C4477: 'snprintf' : la cadena de formato '%d' requiere un argumento de tipo 'int', pero el argumento variádico 1 tiene el tipo 'size_t'
      C:\Users\enriq\Documents\UNAM\7mo semestre\Compu grafica\Proyectos\LabCGeiHC\Practica7x64\Shader_light.cpp(132,38):
      considere el uso de ' %zd' en la cadena de formato
  
C:\Users\enriq\Documents\UNAM\7mo semestre\Compu grafica\Proyectos\LabCGeiHC\Practica7x64\Shader_light.cpp(135,38): warning C4477: 'snprintf' : la cadena de formato '%d' requiere un argumento de tipo 'int', pero el argumento variádico 1 tiene el tipo 'size_t'
      C:\Users\enriq\Documents\UNAM\7mo semestre\Compu grafica\Proyectos\LabCGeiHC\Practica7x64\Shader_light.cpp(135,38):
      considere el uso de ' %zd' en la cadena de formato
  
C:\Users\enriq\Documents\UNAM\7mo semestre\Compu grafica\Proyectos\LabCGeiHC\Practica7x64\Shader_light.cpp(138,38): warning C4477: 'snprintf' : la cadena de formato '%d' requiere un argumento de tipo 'int', pero el argumento variádico 1 tiene el tipo 'size_t'
      C:\Users\enriq\Documents\UNAM\7mo semestre\Compu grafica\Proyectos\LabCGeiHC\Practica7x64\Shader_light.cpp(138,38):
      considere el uso de ' %zd' en la cadena de formato
  
C:\Users\enriq\Documents\UNAM\7mo semestre\Compu grafica\Proyectos\LabCGeiHC\Practica7x64\Shader_light.cpp(141,38): warning C4477: 'snprintf' : la cadena de formato '%d' requiere un argumento de tipo 'int', pero el argumento variádico 1 tiene el tipo 'size_t'
      C:\Users\enriq\Documents\UNAM\7mo semestre\Compu grafica\Proyectos\LabCGeiHC\Practica7x64\Shader_light.cpp(141,38):
      considere el uso de ' %zd' en la cadena de formato
  
C:\Users\enriq\Documents\UNAM\7mo semestre\Compu grafica\Proyectos\LabCGeiHC\Practica7x64\Shader_light.cpp(144,38): warning C4477: 'snprintf' : la cadena de formato '%d' requiere un argumento de tipo 'int', pero el argumento variádico 1 tiene el tipo 'size_t'
      C:\Users\enriq\Documents\UNAM\7mo semestre\Compu grafica\Proyectos\LabCGeiHC\Practica7x64\Shader_light.cpp(144,38):
      considere el uso de ' %zd' en la cadena de formato
  
C:\Users\enriq\Documents\UNAM\7mo semestre\Compu grafica\Proyectos\LabCGeiHC\Practica7x64\Shader_light.cpp(147,38): warning C4477: 'snprintf' : la cadena de formato '%d' requiere un argumento de tipo 'int', pero el argumento variádico 1 tiene el tipo 'size_t'
      C:\Users\enriq\Documents\UNAM\7mo semestre\Compu grafica\Proyectos\LabCGeiHC\Practica7x64\Shader_light.cpp(147,38):
      considere el uso de ' %zd' en la cadena de formato
  
C:\Users\enriq\Documents\UNAM\7mo semestre\Compu grafica\Proyectos\LabCGeiHC\Practica7x64\Shader_light.cpp(150,38): warning C4477: 'snprintf' : la cadena de formato '%d' requiere un argumento de tipo 'int', pero el argumento variádico 1 tiene el tipo 'size_t'
      C:\Users\enriq\Documents\UNAM\7mo semestre\Compu grafica\Proyectos\LabCGeiHC\Practica7x64\Shader_light.cpp(150,38):
      considere el uso de ' %zd' en la cadena de formato
  
C:\Users\enriq\Documents\UNAM\7mo semestre\Compu grafica\Proyectos\LabCGeiHC\Practica7x64\Shader_light.cpp(153,38): warning C4477: 'snprintf' : la cadena de formato '%d' requiere un argumento de tipo 'int', pero el argumento variádico 1 tiene el tipo 'size_t'
      C:\Users\enriq\Documents\UNAM\7mo semestre\Compu grafica\Proyectos\LabCGeiHC\Practica7x64\Shader_light.cpp(153,38):
      considere el uso de ' %zd' en la cadena de formato
  
C:\Users\enriq\Documents\UNAM\7mo semestre\Compu grafica\Proyectos\LabCGeiHC\Practica7x64\Shader_light.cpp(207,75): warning C4244: 'argumento': conversión de 'GLuint' a 'GLfloat'; posible pérdida de datos
C:\Users\enriq\Documents\UNAM\7mo semestre\Compu grafica\Proyectos\LabCGeiHC\Practica7x64\Shader_light.cpp(207,26): warning C4244: 'argumento': conversión de 'GLuint' a 'GLfloat'; posible pérdida de datos
C:\Users\enriq\Documents\UNAM\7mo semestre\Compu grafica\Proyectos\LabCGeiHC\Practica7x64\Shader_light.cpp(206,91): warning C4244: 'argumento': conversión de 'GLuint' a 'GLfloat'; posible pérdida de datos
C:\Users\enriq\Documents\UNAM\7mo semestre\Compu grafica\Proyectos\LabCGeiHC\Practica7x64\Shader_light.cpp(206,42): warning C4244: 'argumento': conversión de 'GLuint' a 'GLfloat'; posible pérdida de datos
C:\Users\enriq\Documents\UNAM\7mo semestre\Compu grafica\Proyectos\LabCGeiHC\Practica7x64\Shader_light.cpp(220,98): warning C4244: 'argumento': conversión de 'GLuint' a 'GLfloat'; posible pérdida de datos
C:\Users\enriq\Documents\UNAM\7mo semestre\Compu grafica\Proyectos\LabCGeiHC\Practica7x64\Shader_light.cpp(220,62): warning C4244: 'argumento': conversión de 'GLuint' a 'GLfloat'; posible pérdida de datos
C:\Users\enriq\Documents\UNAM\7mo semestre\Compu grafica\Proyectos\LabCGeiHC\Practica7x64\Shader_light.cpp(220,24): warning C4244: 'argumento': conversión de 'GLuint' a 'GLfloat'; posible pérdida de datos
C:\Users\enriq\Documents\UNAM\7mo semestre\Compu grafica\Proyectos\LabCGeiHC\Practica7x64\Shader_light.cpp(219,70): warning C4244: 'argumento': conversión de 'GLuint' a 'GLfloat'; posible pérdida de datos
C:\Users\enriq\Documents\UNAM\7mo semestre\Compu grafica\Proyectos\LabCGeiHC\Practica7x64\Shader_light.cpp(219,24): warning C4244: 'argumento': conversión de 'GLuint' a 'GLfloat'; posible pérdida de datos
C:\Users\enriq\Documents\UNAM\7mo semestre\Compu grafica\Proyectos\LabCGeiHC\Practica7x64\Shader_light.cpp(218,88): warning C4244: 'argumento': conversión de 'GLuint' a 'GLfloat'; posible pérdida de datos
C:\Users\enriq\Documents\UNAM\7mo semestre\Compu grafica\Proyectos\LabCGeiHC\Practica7x64\Shader_light.cpp(218,42): warning C4244: 'argumento': conversión de 'GLuint' a 'GLfloat'; posible pérdida de datos
C:\Users\enriq\Documents\UNAM\7mo semestre\Compu grafica\Proyectos\LabCGeiHC\Practica7x64\Shader_light.cpp(269,24): warning C4267: '=': conversión de 'size_t' a 'GLint'; posible pérdida de datos
  Skybox.cpp
C:\Users\enriq\Documents\UNAM\7mo semestre\Compu grafica\Proyectos\LabCGeiHC\Practica7x64\Skybox.cpp(30,47): warning C4267: 'argumento': conversión de 'size_t' a 'GLenum'; posible pérdida de datos
  Texture.cpp
  Window.cpp
C:\Users\enriq\Documents\UNAM\7mo semestre\Compu grafica\Proyectos\LabCGeiHC\Practica7x64\Window.h(12,36): warning C4244: 'return': conversión de 'GLint' a 'GLfloat'; posible pérdida de datos
  (compilando archivo de origen "Window.cpp")
  
C:\Users\enriq\Documents\UNAM\7mo semestre\Compu grafica\Proyectos\LabCGeiHC\Practica7x64\Window.h(13,37): warning C4244: 'return': conversión de 'GLint' a 'GLfloat'; posible pérdida de datos
  (compilando archivo de origen "Window.cpp")
  
C:\Users\enriq\Documents\UNAM\7mo semestre\Compu grafica\Proyectos\LabCGeiHC\Practica7x64\Window.cpp(193,22): warning C4244: '=': conversión de 'double' a 'GLfloat'; posible pérdida de datos
C:\Users\enriq\Documents\UNAM\7mo semestre\Compu grafica\Proyectos\LabCGeiHC\Practica7x64\Window.cpp(194,22): warning C4244: '=': conversión de 'double' a 'GLfloat'; posible pérdida de datos
C:\Users\enriq\Documents\UNAM\7mo semestre\Compu grafica\Proyectos\LabCGeiHC\Practica7x64\Window.cpp(198,28): warning C4244: '=': conversión de 'double' a 'GLfloat'; posible pérdida de datos
C:\Users\enriq\Documents\UNAM\7mo semestre\Compu grafica\Proyectos\LabCGeiHC\Practica7x64\Window.cpp(199,40): warning C4244: '=': conversión de 'double' a 'GLfloat'; posible pérdida de datos
C:\Users\enriq\Documents\UNAM\7mo semestre\Compu grafica\Proyectos\LabCGeiHC\Practica7x64\Window.cpp(201,21): warning C4244: '=': conversión de 'double' a 'GLfloat'; posible pérdida de datos
C:\Users\enriq\Documents\UNAM\7mo semestre\Compu grafica\Proyectos\LabCGeiHC\Practica7x64\Window.cpp(202,21): warning C4244: '=': conversión de 'double' a 'GLfloat'; posible pérdida de datos
  Generando código
C:\Users\enriq\Documents\UNAM\7mo semestre\Compu grafica\Proyectos\LabCGeiHC\Practica7x64\Window.cpp(90): warning C4715: 'Window::Initialise': no todas las rutas de acceso de control devuelven un valor
  437 of 953 functions (45.9%) were compiled, the rest were copied from previous compilation.
    76 functions were new in current compilation
    25 functions had inline decision re-evaluated but remain unchanged
  Generación de código finalizada
  Practica7x64.vcxproj -> C:\Users\enriq\Documents\UNAM\7mo semestre\Compu grafica\Proyectos\LabCGeiHC\x64\Release\Practica7x64.exe
