C:\Program Files\Microsoft Visual Studio\2022\Community\MSBuild\Microsoft\VC\v170\Microsoft.CppBuild.targets(538,5): warning MSB8028: El directorio intermedio (x64\Release\) contiene archivos compartidos de otro proyecto (Practica7x64.vcxproj). Esto puede dar lugar a un comportamiento incorrecto de limpieza y recompilación.
  P09-320152841.cpp
C:\Users\enriq\Documents\UNAM\7mo semestre\Compu grafica\Proyectos\LabCGeiHC\Practica9x64\Window.h(12,36): warning C4244: 'return': conversión de 'GLint' a 'GLfloat'; posible pérdida de datos
  (compilando archivo de origen "P09-320152841.cpp")
  
C:\Users\enriq\Documents\UNAM\7mo semestre\Compu grafica\Proyectos\LabCGeiHC\Practica9x64\Window.h(13,37): warning C4244: 'return': conversión de 'GLint' a 'GLfloat'; posible pérdida de datos
  (compilando archivo de origen "P09-320152841.cpp")
  
C:\Users\enriq\Documents\UNAM\7mo semestre\Compu grafica\Proyectos\LabCGeiHC\Practica9x64\P09-320152841.cpp(155,24): warning C4267: 'inicializando': conversión de 'size_t' a 'unsigned int'; posible pérdida de datos
C:\Users\enriq\Documents\UNAM\7mo semestre\Compu grafica\Proyectos\LabCGeiHC\Practica9x64\P09-320152841.cpp(436,15): warning C4244: 'inicializando': conversión de 'double' a 'GLfloat'; posible pérdida de datos
C:\Users\enriq\Documents\UNAM\7mo semestre\Compu grafica\Proyectos\LabCGeiHC\Practica9x64\P09-320152841.cpp(439,33): warning C4244: '+=': conversión de 'double' a 'GLfloat'; posible pérdida de datos
C:\Users\enriq\Documents\UNAM\7mo semestre\Compu grafica\Proyectos\LabCGeiHC\Practica9x64\P09-320152841.cpp(697,27): warning C4305: '+=': truncamiento de 'double' a 'float'
C:\Users\enriq\Documents\UNAM\7mo semestre\Compu grafica\Proyectos\LabCGeiHC\Practica9x64\P09-320152841.cpp(731,21): warning C4305: '+=': truncamiento de 'double' a 'float'
C:\Users\enriq\Documents\UNAM\7mo semestre\Compu grafica\Proyectos\LabCGeiHC\Practica9x64\P09-320152841.cpp(809,21): warning C4305: '=': truncamiento de 'double' a 'float'
C:\Users\enriq\Documents\UNAM\7mo semestre\Compu grafica\Proyectos\LabCGeiHC\Practica9x64\P09-320152841.cpp(829,27): warning C4305: '+=': truncamiento de 'double' a 'float'
  Window.cpp
C:\Users\enriq\Documents\UNAM\7mo semestre\Compu grafica\Proyectos\LabCGeiHC\Practica9x64\Window.h(12,36): warning C4244: 'return': conversión de 'GLint' a 'GLfloat'; posible pérdida de datos
  (compilando archivo de origen "Window.cpp")
  
C:\Users\enriq\Documents\UNAM\7mo semestre\Compu grafica\Proyectos\LabCGeiHC\Practica9x64\Window.h(13,37): warning C4244: 'return': conversión de 'GLint' a 'GLfloat'; posible pérdida de datos
  (compilando archivo de origen "Window.cpp")
  
C:\Users\enriq\Documents\UNAM\7mo semestre\Compu grafica\Proyectos\LabCGeiHC\Practica9x64\Window.cpp(147,25): warning C4305: '+=': truncamiento de 'double' a 'GLfloat'
C:\Users\enriq\Documents\UNAM\7mo semestre\Compu grafica\Proyectos\LabCGeiHC\Practica9x64\Window.cpp(157,25): warning C4305: '-=': truncamiento de 'double' a 'GLfloat'
C:\Users\enriq\Documents\UNAM\7mo semestre\Compu grafica\Proyectos\LabCGeiHC\Practica9x64\Window.cpp(193,22): warning C4244: '=': conversión de 'double' a 'GLfloat'; posible pérdida de datos
C:\Users\enriq\Documents\UNAM\7mo semestre\Compu grafica\Proyectos\LabCGeiHC\Practica9x64\Window.cpp(194,22): warning C4244: '=': conversión de 'double' a 'GLfloat'; posible pérdida de datos
C:\Users\enriq\Documents\UNAM\7mo semestre\Compu grafica\Proyectos\LabCGeiHC\Practica9x64\Window.cpp(198,28): warning C4244: '=': conversión de 'double' a 'GLfloat'; posible pérdida de datos
C:\Users\enriq\Documents\UNAM\7mo semestre\Compu grafica\Proyectos\LabCGeiHC\Practica9x64\Window.cpp(199,40): warning C4244: '=': conversión de 'double' a 'GLfloat'; posible pérdida de datos
C:\Users\enriq\Documents\UNAM\7mo semestre\Compu grafica\Proyectos\LabCGeiHC\Practica9x64\Window.cpp(201,21): warning C4244: '=': conversión de 'double' a 'GLfloat'; posible pérdida de datos
C:\Users\enriq\Documents\UNAM\7mo semestre\Compu grafica\Proyectos\LabCGeiHC\Practica9x64\Window.cpp(202,21): warning C4244: '=': conversión de 'double' a 'GLfloat'; posible pérdida de datos
  Generando código
  Previous IPDB and IOBJ mismatch, fall back to full compilation.
C:\Users\enriq\Documents\UNAM\7mo semestre\Compu grafica\Proyectos\LabCGeiHC\Practica9x64\Window.cpp(90): warning C4715: 'Window::Initialise': no todas las rutas de acceso de control devuelven un valor
  All 944 functions were compiled because no usable IPDB/IOBJ from previous compilation was found.
  Generación de código finalizada
  Practica9x64.vcxproj -> C:\Users\enriq\Documents\UNAM\7mo semestre\Compu grafica\Proyectos\LabCGeiHC\x64\Release\Practica9x64.exe
